# JRE version: Java(TM) SE Runtime Environment (7.0_79-b15) (build 1.7.0_79-b15)
# Java VM: Java HotSpot(TM) 64-Bit Server VM (24.79-b02 mixed mode windows-amd64 compressed oops)
Heap
 PSYoungGen      total 291840K, used 285050K [0x00000000eaa80000, 0x0000000100000000, 0x0000000100000000)
  eden space 247296K, 97% used [0x00000000eaa80000,0x00000000f9561978,0x00000000f9c00000)
  from space 44544K, 99% used [0x00000000fd300000,0x00000000ffe7d008,0x00000000ffe80000)
  to   space 51200K, 0% used [0x00000000f9c00000,0x00000000f9c00000,0x00000000fce00000)
 ParOldGen       total 129024K, used 75001K [0x00000000c0000000, 0x00000000c7e00000, 0x00000000eaa80000)
  object space 129024K, 58% used [0x00000000c0000000,0x00000000c493e6b8,0x00000000c7e00000)
 PSPermGen       total 119296K, used 113038K [0x00000000b0000000, 0x00000000b7480000, 0x00000000c0000000)
  object space 119296K, 94% used [0x00000000b0000000,0x00000000b6e63a00,0x00000000b7480000)
GC Heap History (10 events):
Event: 8789.907 GC heap before
{Heap before GC invocations=28 (full 6):
 PSYoungGen      total 274432K, used 49237K [0x00000000eaa80000, 0x00000000ffa80000, 0x0000000100000000)
  eden space 226816K, 7% used [0x00000000eaa80000,0x00000000ebac44f0,0x00000000f8800000)
  from space 47616K, 68% used [0x00000000f8800000,0x00000000fa7d1078,0x00000000fb680000)
  to   space 49152K, 0% used [0x00000000fca80000,0x00000000fca80000,0x00000000ffa80000)
 ParOldGen       total 78336K, used 53057K [0x00000000c0000000, 0x00000000c4c80000, 0x00000000eaa80000)
  object space 78336K, 67% used [0x00000000c0000000,0x00000000c33d06d0,0x00000000c4c80000)
 PSPermGen       total 111616K, used 82873K [0x00000000b0000000, 0x00000000b6d00000, 0x00000000c0000000)
  object space 111616K, 74% used [0x00000000b0000000,0x00000000b50ee7a8,0x00000000b6d00000)
Event: 8789.944 GC heap after
Heap after GC invocations=28 (full 6):
 PSYoungGen      total 289792K, used 21712K [0x00000000eaa80000, 0x00000000ff580000, 0x0000000100000000)
  eden space 245760K, 0% used [0x00000000eaa80000,0x00000000eaa80000,0x00000000f9a80000)
  from space 44032K, 49% used [0x00000000fca80000,0x00000000fdfb4050,0x00000000ff580000)
  to   space 46592K, 0% used [0x00000000f9a80000,0x00000000f9a80000,0x00000000fc800000)
 ParOldGen       total 78336K, used 53057K [0x00000000c0000000, 0x00000000c4c80000, 0x00000000eaa80000)
  object space 78336K, 67% used [0x00000000c0000000,0x00000000c33d06d0,0x00000000c4c80000)
 PSPermGen       total 111616K, used 82873K [0x00000000b0000000, 0x00000000b6d00000, 0x00000000c0000000)
  object space 111616K, 74% used [0x00000000b0000000,0x00000000b50ee7a8,0x00000000b6d00000)
}
Event: 8789.944 GC heap before
{Heap before GC invocations=29 (full 7):
 PSYoungGen      total 289792K, used 21712K [0x00000000eaa80000, 0x00000000ff580000, 0x0000000100000000)
  eden space 245760K, 0% used [0x00000000eaa80000,0x00000000eaa80000,0x00000000f9a80000)
  from space 44032K, 49% used [0x00000000fca80000,0x00000000fdfb4050,0x00000000ff580000)
  to   space 46592K, 0% used [0x00000000f9a80000,0x00000000f9a80000,0x00000000fc800000)
 ParOldGen       total 78336K, used 53057K [0x00000000c0000000, 0x00000000c4c80000, 0x00000000eaa80000)
  object space 78336K, 67% used [0x00000000c0000000,0x00000000c33d06d0,0x00000000c4c80000)
 PSPermGen       total 111616K, used 82873K [0x00000000b0000000, 0x00000000b6d00000, 0x00000000c0000000)
  object space 111616K, 74% used [0x00000000b0000000,0x00000000b50ee7a8,0x00000000b6d00000)
Event: 8790.400 GC heap after
Heap after GC invocations=29 (full 7):
 PSYoungGen      total 289792K, used 0K [0x00000000eaa80000, 0x00000000ff580000, 0x0000000100000000)
  eden space 245760K, 0% used [0x00000000eaa80000,0x00000000eaa80000,0x00000000f9a80000)
  from space 44032K, 0% used [0x00000000fca80000,0x00000000fca80000,0x00000000ff580000)
  to   space 46592K, 0% used [0x00000000f9a80000,0x00000000f9a80000,0x00000000fc800000)
 ParOldGen       total 78336K, used 72126K [0x00000000c0000000, 0x00000000c4c80000, 0x00000000eaa80000)
  object space 78336K, 92% used [0x00000000c0000000,0x00000000c466fbe0,0x00000000c4c80000)
 PSPermGen       total 118272K, used 82867K [0x00000000b0000000, 0x00000000b7380000, 0x00000000c0000000)
  object space 118272K, 70% used [0x00000000b0000000,0x00000000b50ecf80,0x00000000b7380000)
}
Event: 8822.124 GC heap before
{Heap before GC invocations=30 (full 8):
 PSYoungGen      total 289792K, used 245760K [0x00000000eaa80000, 0x00000000ff580000, 0x0000000100000000)
  eden space 245760K, 100% used [0x00000000eaa80000,0x00000000f9a80000,0x00000000f9a80000)
  from space 44032K, 0% used [0x00000000fca80000,0x00000000fca80000,0x00000000ff580000)
  to   space 46592K, 0% used [0x00000000f9a80000,0x00000000f9a80000,0x00000000fc800000)
 ParOldGen       total 78336K, used 72126K [0x00000000c0000000, 0x00000000c4c80000, 0x00000000eaa80000)
  object space 78336K, 92% used [0x00000000c0000000,0x00000000c466fbe0,0x00000000c4c80000)
 PSPermGen       total 118272K, used 84721K [0x00000000b0000000, 0x00000000b7380000, 0x00000000c0000000)
  object space 118272K, 71% used [0x00000000b0000000,0x00000000b52bc520,0x00000000b7380000)
Event: 8822.297 GC heap after
Heap after GC invocations=30 (full 8):
 PSYoungGen      total 289792K, used 0K [0x00000000eaa80000, 0x00000000ff580000, 0x0000000100000000)
  eden space 245760K, 0% used [0x00000000eaa80000,0x00000000eaa80000,0x00000000f9a80000)
  from space 44032K, 0% used [0x00000000fca80000,0x00000000fca80000,0x00000000ff580000)
  to   space 46592K, 0% used [0x00000000f9a80000,0x00000000f9a80000,0x00000000fc800000)
 ParOldGen       total 129024K, used 73603K [0x00000000c0000000, 0x00000000c7e00000, 0x00000000eaa80000)
  object space 129024K, 57% used [0x00000000c0000000,0x00000000c47e0ec8,0x00000000c7e00000)
 PSPermGen       total 119296K, used 84721K [0x00000000b0000000, 0x00000000b7480000, 0x00000000c0000000)
  object space 119296K, 71% used [0x00000000b0000000,0x00000000b52bc440,0x00000000b7480000)
}
Event: 8825.112 GC heap before
{Heap before GC invocations=31 (full 8):
 PSYoungGen      total 289792K, used 245760K [0x00000000eaa80000, 0x00000000ff580000, 0x0000000100000000)
  eden space 245760K, 100% used [0x00000000eaa80000,0x00000000f9a80000,0x00000000f9a80000)
  from space 44032K, 0% used [0x00000000fca80000,0x00000000fca80000,0x00000000ff580000)
  to   space 46592K, 0% used [0x00000000f9a80000,0x00000000f9a80000,0x00000000fc800000)
 ParOldGen       total 129024K, used 73603K [0x00000000c0000000, 0x00000000c7e00000, 0x00000000eaa80000)
  object space 129024K, 57% used [0x00000000c0000000,0x00000000c47e0ec8,0x00000000c7e00000)
 PSPermGen       total 119296K, used 93400K [0x00000000b0000000, 0x00000000b7480000, 0x00000000c0000000)
  object space 119296K, 78% used [0x00000000b0000000,0x00000000b5b361b0,0x00000000b7480000)
Event: 8825.185 GC heap after
Heap after GC invocations=31 (full 8):
 PSYoungGen      total 292352K, used 22657K [0x00000000eaa80000, 0x00000000ffe80000, 0x0000000100000000)
  eden space 245760K, 0% used [0x00000000eaa80000,0x00000000eaa80000,0x00000000f9a80000)
  from space 46592K, 48% used [0x00000000f9a80000,0x00000000fb0a0610,0x00000000fc800000)
  to   space 44544K, 0% used [0x00000000fd300000,0x00000000fd300000,0x00000000ffe80000)
 ParOldGen       total 129024K, used 73603K [0x00000000c0000000, 0x00000000c7e00000, 0x00000000eaa80000)
  object space 129024K, 57% used [0x00000000c0000000,0x00000000c47e0ec8,0x00000000c7e00000)
 PSPermGen       total 119296K, used 93400K [0x00000000b0000000, 0x00000000b7480000, 0x00000000c0000000)
  object space 119296K, 78% used [0x00000000b0000000,0x00000000b5b361b0,0x00000000b7480000)
}
Event: 8832.464 GC heap before
{Heap before GC invocations=32 (full 8):
 PSYoungGen      total 292352K, used 268417K [0x00000000eaa80000, 0x00000000ffe80000, 0x0000000100000000)
  eden space 245760K, 100% used [0x00000000eaa80000,0x00000000f9a80000,0x00000000f9a80000)
  from space 46592K, 48% used [0x00000000f9a80000,0x00000000fb0a0610,0x00000000fc800000)
  to   space 44544K, 0% used [0x00000000fd300000,0x00000000fd300000,0x00000000ffe80000)
 ParOldGen       total 129024K, used 73603K [0x00000000c0000000, 0x00000000c7e00000, 0x00000000eaa80000)
  object space 129024K, 57% used [0x00000000c0000000,0x00000000c47e0ec8,0x00000000c7e00000)
 PSPermGen       total 119296K, used 103754K [0x00000000b0000000, 0x00000000b7480000, 0x00000000c0000000)
  object space 119296K, 86% used [0x00000000b0000000,0x00000000b6552998,0x00000000b7480000)
Event: 8832.532 GC heap after
Heap after GC invocations=32 (full 8):
 PSYoungGen      total 291840K, used 44532K [0x00000000eaa80000, 0x0000000100000000, 0x0000000100000000)
  eden space 247296K, 0% used [0x00000000eaa80000,0x00000000eaa80000,0x00000000f9c00000)
  from space 44544K, 99% used [0x00000000fd300000,0x00000000ffe7d008,0x00000000ffe80000)
  to   space 51200K, 0% used [0x00000000f9c00000,0x00000000f9c00000,0x00000000fce00000)
 ParOldGen       total 129024K, used 75001K [0x00000000c0000000, 0x00000000c7e00000, 0x00000000eaa80000)
  object space 129024K, 58% used [0x00000000c0000000,0x00000000c493e6b8,0x00000000c7e00000)
 PSPermGen       total 119296K, used 103754K [0x00000000b0000000, 0x00000000b7480000, 0x00000000c0000000)
  object space 119296K, 86% used [0x00000000b0000000,0x00000000b6552998,0x00000000b7480000)
}

